{"C:\\Users\\Admin\\Desktop\\react-projects\\food-order-app\\src\\componets\\Body.js": {"path":"C:\\Users\\Admin\\Desktop\\react-projects\\food-order-app\\src\\componets\\Body.js","statementMap":{"0":{"start":{"line":8,"column":13},"end":{"line":109,"column":1}},"1":{"start":{"line":9,"column":46},"end":{"line":9,"column":58}},"2":{"start":{"line":10,"column":48},"end":{"line":10,"column":60}},"3":{"start":{"line":11,"column":38},"end":{"line":11,"column":50}},"4":{"start":{"line":13,"column":33},"end":{"line":13,"column":67}},"5":{"start":{"line":15,"column":44},"end":{"line":15,"column":67}},"6":{"start":{"line":17,"column":2},"end":{"line":19,"column":9}},"7":{"start":{"line":18,"column":4},"end":{"line":18,"column":16}},"8":{"start":{"line":21,"column":20},"end":{"line":32,"column":3}},"9":{"start":{"line":22,"column":17},"end":{"line":24,"column":5}},"10":{"start":{"line":25,"column":17},"end":{"line":25,"column":34}},"11":{"start":{"line":26,"column":4},"end":{"line":28,"column":6}},"12":{"start":{"line":29,"column":4},"end":{"line":31,"column":6}},"13":{"start":{"line":34,"column":22},"end":{"line":34,"column":39}},"14":{"start":{"line":35,"column":2},"end":{"line":41,"column":3}},"15":{"start":{"line":36,"column":4},"end":{"line":40,"column":6}},"16":{"start":{"line":43,"column":2},"end":{"line":45,"column":3}},"17":{"start":{"line":44,"column":4},"end":{"line":44,"column":23}},"18":{"start":{"line":47,"column":2},"end":{"line":108,"column":4}},"19":{"start":{"line":57,"column":29},"end":{"line":57,"column":58}},"20":{"start":{"line":62,"column":35},"end":{"line":64,"column":15}},"21":{"start":{"line":63,"column":16},"end":{"line":63,"column":78}},"22":{"start":{"line":65,"column":14},"end":{"line":65,"column":47}},"23":{"start":{"line":76,"column":35},"end":{"line":78,"column":15}},"24":{"start":{"line":77,"column":25},"end":{"line":77,"column":49}},"25":{"start":{"line":79,"column":14},"end":{"line":79,"column":47}},"26":{"start":{"line":92,"column":27},"end":{"line":92,"column":63}},"27":{"start":{"line":99,"column":10},"end":{"line":104,"column":17}}},"fnMap":{"0":{"name":"(anonymous_0)","decl":{"start":{"line":8,"column":13},"end":{"line":8,"column":14}},"loc":{"start":{"line":8,"column":19},"end":{"line":109,"column":1}},"line":8},"1":{"name":"(anonymous_1)","decl":{"start":{"line":17,"column":12},"end":{"line":17,"column":13}},"loc":{"start":{"line":17,"column":18},"end":{"line":19,"column":3}},"line":17},"2":{"name":"(anonymous_2)","decl":{"start":{"line":21,"column":20},"end":{"line":21,"column":21}},"loc":{"start":{"line":21,"column":32},"end":{"line":32,"column":3}},"line":21},"3":{"name":"(anonymous_3)","decl":{"start":{"line":57,"column":22},"end":{"line":57,"column":23}},"loc":{"start":{"line":57,"column":29},"end":{"line":57,"column":58}},"line":57},"4":{"name":"(anonymous_4)","decl":{"start":{"line":61,"column":21},"end":{"line":61,"column":22}},"loc":{"start":{"line":61,"column":27},"end":{"line":66,"column":13}},"line":61},"5":{"name":"(anonymous_5)","decl":{"start":{"line":62,"column":57},"end":{"line":62,"column":58}},"loc":{"start":{"line":63,"column":16},"end":{"line":63,"column":78}},"line":63},"6":{"name":"(anonymous_6)","decl":{"start":{"line":74,"column":21},"end":{"line":74,"column":22}},"loc":{"start":{"line":74,"column":27},"end":{"line":80,"column":13}},"line":74},"7":{"name":"(anonymous_7)","decl":{"start":{"line":77,"column":16},"end":{"line":77,"column":17}},"loc":{"start":{"line":77,"column":25},"end":{"line":77,"column":49}},"line":77},"8":{"name":"(anonymous_8)","decl":{"start":{"line":92,"column":22},"end":{"line":92,"column":23}},"loc":{"start":{"line":92,"column":27},"end":{"line":92,"column":63}},"line":92},"9":{"name":"(anonymous_9)","decl":{"start":{"line":98,"column":29},"end":{"line":98,"column":30}},"loc":{"start":{"line":99,"column":10},"end":{"line":104,"column":17}},"line":99}},"branchMap":{"0":{"loc":{"start":{"line":35,"column":2},"end":{"line":41,"column":3}},"type":"if","locations":[{"start":{"line":35,"column":2},"end":{"line":41,"column":3}},{"start":{},"end":{}}],"line":35},"1":{"loc":{"start":{"line":43,"column":2},"end":{"line":45,"column":3}},"type":"if","locations":[{"start":{"line":43,"column":2},"end":{"line":45,"column":3}},{"start":{},"end":{}}],"line":43},"2":{"loc":{"start":{"line":101,"column":14},"end":{"line":102,"column":50}},"type":"cond-expr","locations":[{"start":{"line":101,"column":36},"end":{"line":101,"column":79}},{"start":{"line":102,"column":14},"end":{"line":102,"column":50}}],"line":101}},"s":{"0":1,"1":7,"2":7,"3":7,"4":7,"5":7,"6":7,"7":2,"8":7,"9":2,"10":2,"11":2,"12":2,"13":7,"14":7,"15":0,"16":7,"17":2,"18":5,"19":1,"20":1,"21":8,"22":1,"23":1,"24":8,"25":1,"26":0,"27":30},"f":{"0":7,"1":2,"2":2,"3":1,"4":1,"5":8,"6":1,"7":8,"8":0,"9":30},"b":{"0":[0,7],"1":[2,5],"2":[30,0]},"_coverageSchema":"1a1c01bbd47fc00a2c39e90264f33305004495a9","hash":"dfabd5b86664036ddd2d4fc90995cfbcdde402be"}
,"C:\\Users\\Admin\\Desktop\\react-projects\\food-order-app\\src\\componets\\Cart.js": {"path":"C:\\Users\\Admin\\Desktop\\react-projects\\food-order-app\\src\\componets\\Cart.js","statementMap":{"0":{"start":{"line":6,"column":13},"end":{"line":56,"column":1}},"1":{"start":{"line":7,"column":16},"end":{"line":7,"column":56}},"2":{"start":{"line":7,"column":39},"end":{"line":7,"column":55}},"3":{"start":{"line":9,"column":19},"end":{"line":9,"column":32}},"4":{"start":{"line":11,"column":19},"end":{"line":40,"column":3}},"5":{"start":{"line":12,"column":51},"end":{"line":12,"column":71}},"6":{"start":{"line":13,"column":30},"end":{"line":13,"column":41}},"7":{"start":{"line":14,"column":4},"end":{"line":39,"column":6}},"8":{"start":{"line":21,"column":30},"end":{"line":21,"column":63}},"9":{"start":{"line":28,"column":30},"end":{"line":28,"column":64}},"10":{"start":{"line":44,"column":2},"end":{"line":55,"column":4}},"11":{"start":{"line":48,"column":24},"end":{"line":48,"column":45}},"12":{"start":{"line":52,"column":8},"end":{"line":52,"column":50}}},"fnMap":{"0":{"name":"(anonymous_0)","decl":{"start":{"line":6,"column":13},"end":{"line":6,"column":14}},"loc":{"start":{"line":6,"column":19},"end":{"line":56,"column":1}},"line":6},"1":{"name":"(anonymous_1)","decl":{"start":{"line":7,"column":28},"end":{"line":7,"column":29}},"loc":{"start":{"line":7,"column":39},"end":{"line":7,"column":55}},"line":7},"2":{"name":"(anonymous_2)","decl":{"start":{"line":11,"column":19},"end":{"line":11,"column":20}},"loc":{"start":{"line":11,"column":37},"end":{"line":40,"column":3}},"line":11},"3":{"name":"(anonymous_3)","decl":{"start":{"line":21,"column":23},"end":{"line":21,"column":24}},"loc":{"start":{"line":21,"column":30},"end":{"line":21,"column":63}},"line":21},"4":{"name":"(anonymous_4)","decl":{"start":{"line":28,"column":23},"end":{"line":28,"column":24}},"loc":{"start":{"line":28,"column":30},"end":{"line":28,"column":64}},"line":28},"5":{"name":"(anonymous_5)","decl":{"start":{"line":48,"column":19},"end":{"line":48,"column":20}},"loc":{"start":{"line":48,"column":24},"end":{"line":48,"column":45}},"line":48},"6":{"name":"(anonymous_6)","decl":{"start":{"line":51,"column":65},"end":{"line":51,"column":66}},"loc":{"start":{"line":52,"column":8},"end":{"line":52,"column":50}},"line":52}},"branchMap":{"0":{"loc":{"start":{"line":21,"column":30},"end":{"line":21,"column":63}},"type":"cond-expr","locations":[{"start":{"line":21,"column":42},"end":{"line":21,"column":59}},{"start":{"line":21,"column":62},"end":{"line":21,"column":63}}],"line":21},"1":{"loc":{"start":{"line":28,"column":30},"end":{"line":28,"column":64}},"type":"cond-expr","locations":[{"start":{"line":28,"column":43},"end":{"line":28,"column":60}},{"start":{"line":28,"column":63},"end":{"line":28,"column":64}}],"line":28},"2":{"loc":{"start":{"line":33,"column":18},"end":{"line":33,"column":51}},"type":"binary-expr","locations":[{"start":{"line":33,"column":18},"end":{"line":33,"column":36}},{"start":{"line":33,"column":40},"end":{"line":33,"column":51}}],"line":33},"3":{"loc":{"start":{"line":51,"column":7},"end":{"line":53,"column":8}},"type":"cond-expr","locations":[{"start":{"line":51,"column":26},"end":{"line":51,"column":54}},{"start":{"line":51,"column":55},"end":{"line":53,"column":8}}],"line":51}},"s":{"0":1,"1":0,"2":0,"3":0,"4":0,"5":0,"6":0,"7":0,"8":0,"9":0,"10":0,"11":0,"12":0},"f":{"0":0,"1":0,"2":0,"3":0,"4":0,"5":0,"6":0},"b":{"0":[0,0],"1":[0,0],"2":[0,0],"3":[0,0]},"_coverageSchema":"1a1c01bbd47fc00a2c39e90264f33305004495a9","hash":"85c74bcc76e59188e137069af0f661e13ad09473"}
,"C:\\Users\\Admin\\Desktop\\react-projects\\food-order-app\\src\\componets\\Contact.js": {"path":"C:\\Users\\Admin\\Desktop\\react-projects\\food-order-app\\src\\componets\\Contact.js","statementMap":{"0":{"start":{"line":1,"column":16},"end":{"line":20,"column":1}},"1":{"start":{"line":2,"column":2},"end":{"line":19,"column":4}}},"fnMap":{"0":{"name":"(anonymous_0)","decl":{"start":{"line":1,"column":16},"end":{"line":1,"column":17}},"loc":{"start":{"line":1,"column":22},"end":{"line":20,"column":1}},"line":1}},"branchMap":{},"s":{"0":1,"1":4},"f":{"0":4},"b":{},"_coverageSchema":"1a1c01bbd47fc00a2c39e90264f33305004495a9","hash":"c628f5881a2660626cf1b308654289e54fce9332"}
,"C:\\Users\\Admin\\Desktop\\react-projects\\food-order-app\\src\\componets\\Header.js": {"path":"C:\\Users\\Admin\\Desktop\\react-projects\\food-order-app\\src\\componets\\Header.js","statementMap":{"0":{"start":{"line":9,"column":15},"end":{"line":34,"column":1}},"1":{"start":{"line":10,"column":33},"end":{"line":10,"column":50}},"2":{"start":{"line":11,"column":23},"end":{"line":11,"column":40}},"3":{"start":{"line":12,"column":15},"end":{"line":12,"column":38}},"4":{"start":{"line":14,"column":16},"end":{"line":14,"column":56}},"5":{"start":{"line":14,"column":39},"end":{"line":14,"column":55}},"6":{"start":{"line":16,"column":2},"end":{"line":33,"column":4}},"7":{"start":{"line":27,"column":34},"end":{"line":27,"column":95}}},"fnMap":{"0":{"name":"(anonymous_0)","decl":{"start":{"line":9,"column":15},"end":{"line":9,"column":16}},"loc":{"start":{"line":9,"column":21},"end":{"line":34,"column":1}},"line":9},"1":{"name":"(anonymous_1)","decl":{"start":{"line":14,"column":28},"end":{"line":14,"column":29}},"loc":{"start":{"line":14,"column":39},"end":{"line":14,"column":55}},"line":14},"2":{"name":"(anonymous_2)","decl":{"start":{"line":27,"column":29},"end":{"line":27,"column":30}},"loc":{"start":{"line":27,"column":33},"end":{"line":27,"column":96}},"line":27}},"branchMap":{"0":{"loc":{"start":{"line":21,"column":44},"end":{"line":21,"column":75}},"type":"cond-expr","locations":[{"start":{"line":21,"column":57},"end":{"line":21,"column":65}},{"start":{"line":21,"column":66},"end":{"line":21,"column":75}}],"line":21},"1":{"loc":{"start":{"line":27,"column":34},"end":{"line":27,"column":95}},"type":"cond-expr","locations":[{"start":{"line":27,"column":53},"end":{"line":27,"column":74}},{"start":{"line":27,"column":75},"end":{"line":27,"column":95}}],"line":27}},"s":{"0":2,"1":7,"2":7,"3":7,"4":7,"5":13,"6":7,"7":1},"f":{"0":7,"1":13,"2":1},"b":{"0":[7,0],"1":[1,0]},"_coverageSchema":"1a1c01bbd47fc00a2c39e90264f33305004495a9","hash":"816e1c544d4c35ab407d296e8a48a7890fe10701"}
,"C:\\Users\\Admin\\Desktop\\react-projects\\food-order-app\\src\\componets\\MenuItem.js": {"path":"C:\\Users\\Admin\\Desktop\\react-projects\\food-order-app\\src\\componets\\MenuItem.js","statementMap":{"0":{"start":{"line":5,"column":17},"end":{"line":32,"column":1}},"1":{"start":{"line":7,"column":4},"end":{"line":7,"column":24}},"2":{"start":{"line":9,"column":19},"end":{"line":9,"column":32}},"3":{"start":{"line":11,"column":25},"end":{"line":13,"column":3}},"4":{"start":{"line":12,"column":4},"end":{"line":12,"column":27}},"5":{"start":{"line":15,"column":2},"end":{"line":31,"column":4}},"6":{"start":{"line":24,"column":21},"end":{"line":24,"column":45}}},"fnMap":{"0":{"name":"(anonymous_0)","decl":{"start":{"line":5,"column":17},"end":{"line":5,"column":18}},"loc":{"start":{"line":5,"column":35},"end":{"line":32,"column":1}},"line":5},"1":{"name":"(anonymous_1)","decl":{"start":{"line":11,"column":25},"end":{"line":11,"column":26}},"loc":{"start":{"line":11,"column":35},"end":{"line":13,"column":3}},"line":11},"2":{"name":"(anonymous_2)","decl":{"start":{"line":24,"column":17},"end":{"line":24,"column":18}},"loc":{"start":{"line":24,"column":21},"end":{"line":24,"column":45}},"line":24}},"branchMap":{"0":{"loc":{"start":{"line":19,"column":35},"end":{"line":19,"column":68}},"type":"binary-expr","locations":[{"start":{"line":19,"column":35},"end":{"line":19,"column":53}},{"start":{"line":19,"column":57},"end":{"line":19,"column":68}}],"line":19}},"s":{"0":1,"1":15,"2":15,"3":15,"4":1,"5":15,"6":1},"f":{"0":15,"1":1,"2":1},"b":{"0":[15,6]},"_coverageSchema":"1a1c01bbd47fc00a2c39e90264f33305004495a9","hash":"b20d3d6f6d03ef1ecfee4474d94df01869e91acb"}
,"C:\\Users\\Admin\\Desktop\\react-projects\\food-order-app\\src\\componets\\RestaurantCard.js": {"path":"C:\\Users\\Admin\\Desktop\\react-projects\\food-order-app\\src\\componets\\RestaurantCard.js","statementMap":{"0":{"start":{"line":3,"column":23},"end":{"line":21,"column":1}},"1":{"start":{"line":4,"column":22},"end":{"line":4,"column":27}},"2":{"start":{"line":6,"column":4},"end":{"line":6,"column":16}},"3":{"start":{"line":7,"column":2},"end":{"line":20,"column":4}},"4":{"start":{"line":23,"column":34},"end":{"line":32,"column":1}},"5":{"start":{"line":24,"column":2},"end":{"line":31,"column":4}},"6":{"start":{"line":25,"column":4},"end":{"line":30,"column":6}}},"fnMap":{"0":{"name":"(anonymous_0)","decl":{"start":{"line":3,"column":23},"end":{"line":3,"column":24}},"loc":{"start":{"line":3,"column":34},"end":{"line":21,"column":1}},"line":3},"1":{"name":"(anonymous_1)","decl":{"start":{"line":23,"column":34},"end":{"line":23,"column":35}},"loc":{"start":{"line":23,"column":54},"end":{"line":32,"column":1}},"line":23},"2":{"name":"(anonymous_2)","decl":{"start":{"line":24,"column":9},"end":{"line":24,"column":10}},"loc":{"start":{"line":24,"column":20},"end":{"line":31,"column":3}},"line":24}},"branchMap":{},"s":{"0":2,"1":32,"2":32,"3":32,"4":2,"5":7,"6":30},"f":{"0":32,"1":7,"2":30},"b":{},"_coverageSchema":"1a1c01bbd47fc00a2c39e90264f33305004495a9","hash":"3e729bb787927552cee2e4d17426e2a050f86ae1"}
,"C:\\Users\\Admin\\Desktop\\react-projects\\food-order-app\\src\\componets\\RestaurantMenu.js": {"path":"C:\\Users\\Admin\\Desktop\\react-projects\\food-order-app\\src\\componets\\RestaurantMenu.js","statementMap":{"0":{"start":{"line":7,"column":23},"end":{"line":33,"column":1}},"1":{"start":{"line":8,"column":20},"end":{"line":8,"column":31}},"2":{"start":{"line":9,"column":39},"end":{"line":9,"column":49}},"3":{"start":{"line":11,"column":22},"end":{"line":11,"column":46}},"4":{"start":{"line":13,"column":4},"end":{"line":17,"column":5}},"5":{"start":{"line":15,"column":8},"end":{"line":16,"column":70}},"6":{"start":{"line":19,"column":2},"end":{"line":19,"column":47}},"7":{"start":{"line":19,"column":28},"end":{"line":19,"column":47}},"8":{"start":{"line":21,"column":2},"end":{"line":32,"column":4}},"9":{"start":{"line":24,"column":8},"end":{"line":29,"column":10}},"10":{"start":{"line":28,"column":32},"end":{"line":28,"column":53}}},"fnMap":{"0":{"name":"(anonymous_0)","decl":{"start":{"line":7,"column":23},"end":{"line":7,"column":24}},"loc":{"start":{"line":7,"column":29},"end":{"line":33,"column":1}},"line":7},"1":{"name":"(anonymous_1)","decl":{"start":{"line":14,"column":6},"end":{"line":14,"column":7}},"loc":{"start":{"line":15,"column":8},"end":{"line":16,"column":70}},"line":15},"2":{"name":"(anonymous_2)","decl":{"start":{"line":23,"column":22},"end":{"line":23,"column":23}},"loc":{"start":{"line":24,"column":8},"end":{"line":29,"column":10}},"line":24},"3":{"name":"(anonymous_3)","decl":{"start":{"line":28,"column":28},"end":{"line":28,"column":29}},"loc":{"start":{"line":28,"column":32},"end":{"line":28,"column":53}},"line":28}},"branchMap":{"0":{"loc":{"start":{"line":19,"column":2},"end":{"line":19,"column":47}},"type":"if","locations":[{"start":{"line":19,"column":2},"end":{"line":19,"column":47}},{"start":{},"end":{}}],"line":19},"1":{"loc":{"start":{"line":27,"column":21},"end":{"line":27,"column":50}},"type":"binary-expr","locations":[{"start":{"line":27,"column":21},"end":{"line":27,"column":42}},{"start":{"line":27,"column":46},"end":{"line":27,"column":50}}],"line":27}},"s":{"0":1,"1":3,"2":3,"3":3,"4":3,"5":36,"6":3,"7":1,"8":2,"9":8,"10":1},"f":{"0":3,"1":36,"2":8,"3":1},"b":{"0":[1,2],"1":[8,1]},"_coverageSchema":"1a1c01bbd47fc00a2c39e90264f33305004495a9","hash":"971f1feaef09b72a45801c814934b3f935923a09"}
,"C:\\Users\\Admin\\Desktop\\react-projects\\food-order-app\\src\\componets\\RestaurantMenuCategory.js": {"path":"C:\\Users\\Admin\\Desktop\\react-projects\\food-order-app\\src\\componets\\RestaurantMenuCategory.js","statementMap":{"0":{"start":{"line":4,"column":31},"end":{"line":25,"column":1}},"1":{"start":{"line":5,"column":21},"end":{"line":5,"column":41}},"2":{"start":{"line":6,"column":22},"end":{"line":8,"column":3}},"3":{"start":{"line":7,"column":4},"end":{"line":7,"column":21}},"4":{"start":{"line":9,"column":2},"end":{"line":24,"column":4}},"5":{"start":{"line":20,"column":40},"end":{"line":20,"column":102}}},"fnMap":{"0":{"name":"(anonymous_0)","decl":{"start":{"line":4,"column":31},"end":{"line":4,"column":32}},"loc":{"start":{"line":4,"column":74},"end":{"line":25,"column":1}},"line":4},"1":{"name":"(anonymous_1)","decl":{"start":{"line":6,"column":22},"end":{"line":6,"column":23}},"loc":{"start":{"line":6,"column":28},"end":{"line":8,"column":3}},"line":6},"2":{"name":"(anonymous_2)","decl":{"start":{"line":20,"column":27},"end":{"line":20,"column":28}},"loc":{"start":{"line":20,"column":40},"end":{"line":20,"column":102}},"line":20}},"branchMap":{"0":{"loc":{"start":{"line":17,"column":91},"end":{"line":17,"column":117}},"type":"cond-expr","locations":[{"start":{"line":17,"column":104},"end":{"line":17,"column":110}},{"start":{"line":17,"column":111},"end":{"line":17,"column":117}}],"line":17},"1":{"loc":{"start":{"line":19,"column":9},"end":{"line":21,"column":17}},"type":"cond-expr","locations":[{"start":{"line":19,"column":21},"end":{"line":21,"column":14}},{"start":{"line":21,"column":15},"end":{"line":21,"column":17}}],"line":19}},"s":{"0":1,"1":8,"2":8,"3":1,"4":8,"5":15},"f":{"0":8,"1":1,"2":15},"b":{"0":[7,1],"1":[1,7]},"_coverageSchema":"1a1c01bbd47fc00a2c39e90264f33305004495a9","hash":"5b2926b7391a9f4af8da9579ecc35dbe3d4b9ae0"}
,"C:\\Users\\Admin\\Desktop\\react-projects\\food-order-app\\src\\componets\\Shimmer.js": {"path":"C:\\Users\\Admin\\Desktop\\react-projects\\food-order-app\\src\\componets\\Shimmer.js","statementMap":{"0":{"start":{"line":1,"column":16},"end":{"line":14,"column":1}},"1":{"start":{"line":2,"column":4},"end":{"line":13,"column":5}}},"fnMap":{"0":{"name":"(anonymous_0)","decl":{"start":{"line":1,"column":16},"end":{"line":1,"column":17}},"loc":{"start":{"line":1,"column":22},"end":{"line":14,"column":1}},"line":1}},"branchMap":{},"s":{"0":2,"1":3},"f":{"0":3},"b":{},"_coverageSchema":"1a1c01bbd47fc00a2c39e90264f33305004495a9","hash":"0b5b4a98a7b27b14b545a639e98ab325a695f0b7"}
,"C:\\Users\\Admin\\Desktop\\react-projects\\food-order-app\\src\\componets\\sum.js": {"path":"C:\\Users\\Admin\\Desktop\\react-projects\\food-order-app\\src\\componets\\sum.js","statementMap":{"0":{"start":{"line":1,"column":19},"end":{"line":3,"column":1}},"1":{"start":{"line":2,"column":4},"end":{"line":2,"column":14}}},"fnMap":{"0":{"name":"(anonymous_0)","decl":{"start":{"line":1,"column":19},"end":{"line":1,"column":20}},"loc":{"start":{"line":1,"column":28},"end":{"line":3,"column":1}},"line":1}},"branchMap":{},"s":{"0":1,"1":1},"f":{"0":1},"b":{},"_coverageSchema":"1a1c01bbd47fc00a2c39e90264f33305004495a9","hash":"b1c8ca543e2543021f635a180ea6abc33f6ecef5"}
,"C:\\Users\\Admin\\Desktop\\react-projects\\food-order-app\\src\\redux\\appStore.js": {"path":"C:\\Users\\Admin\\Desktop\\react-projects\\food-order-app\\src\\redux\\appStore.js","statementMap":{"0":{"start":{"line":4,"column":17},"end":{"line":8,"column":2}}},"fnMap":{},"branchMap":{},"s":{"0":2},"f":{},"b":{},"_coverageSchema":"1a1c01bbd47fc00a2c39e90264f33305004495a9","hash":"0672874997c6c5ab0082dc0f28d6928372aed990"}
,"C:\\Users\\Admin\\Desktop\\react-projects\\food-order-app\\src\\redux\\cartSlice.js": {"path":"C:\\Users\\Admin\\Desktop\\react-projects\\food-order-app\\src\\redux\\cartSlice.js","statementMap":{"0":{"start":{"line":3,"column":18},"end":{"line":19,"column":2}},"1":{"start":{"line":10,"column":12},"end":{"line":10,"column":44}},"2":{"start":{"line":13,"column":12},"end":{"line":13,"column":29}},"3":{"start":{"line":16,"column":12},"end":{"line":16,"column":35}},"4":{"start":{"line":21,"column":46},"end":{"line":21,"column":63}}},"fnMap":{"0":{"name":"(anonymous_0)","decl":{"start":{"line":9,"column":17},"end":{"line":9,"column":18}},"loc":{"start":{"line":9,"column":35},"end":{"line":11,"column":9}},"line":9},"1":{"name":"(anonymous_1)","decl":{"start":{"line":12,"column":20},"end":{"line":12,"column":21}},"loc":{"start":{"line":12,"column":38},"end":{"line":14,"column":9}},"line":12},"2":{"name":"(anonymous_2)","decl":{"start":{"line":15,"column":18},"end":{"line":15,"column":19}},"loc":{"start":{"line":15,"column":27},"end":{"line":17,"column":9}},"line":15}},"branchMap":{},"s":{"0":2,"1":1,"2":0,"3":0,"4":2},"f":{"0":1,"1":0,"2":0},"b":{},"_coverageSchema":"1a1c01bbd47fc00a2c39e90264f33305004495a9","hash":"f967353cf968396b991e8e69616b7ff963765f8b"}
,"C:\\Users\\Admin\\Desktop\\react-projects\\food-order-app\\src\\utils\\UserContext.js": {"path":"C:\\Users\\Admin\\Desktop\\react-projects\\food-order-app\\src\\utils\\UserContext.js","statementMap":{"0":{"start":{"line":3,"column":20},"end":{"line":3,"column":65}}},"fnMap":{},"branchMap":{},"s":{"0":3},"f":{},"b":{},"_coverageSchema":"1a1c01bbd47fc00a2c39e90264f33305004495a9","hash":"d7b8a58e216e5e4afbc3dda29371c854c7af5c39"}
,"C:\\Users\\Admin\\Desktop\\react-projects\\food-order-app\\src\\utils\\common.js": {"path":"C:\\Users\\Admin\\Desktop\\react-projects\\food-order-app\\src\\utils\\common.js","statementMap":{"0":{"start":{"line":1,"column":24},"end":{"line":1,"column":192}},"1":{"start":{"line":3,"column":23},"end":{"line":3,"column":106}},"2":{"start":{"line":5,"column":24},"end":{"line":5,"column":146}}},"fnMap":{},"branchMap":{},"s":{"0":4,"1":4,"2":4},"f":{},"b":{},"_coverageSchema":"1a1c01bbd47fc00a2c39e90264f33305004495a9","hash":"77234cbde7e1d444bc9f15b3fa52a3d3cdefb192"}
,"C:\\Users\\Admin\\Desktop\\react-projects\\food-order-app\\src\\utils\\useOnlineStatus.js": {"path":"C:\\Users\\Admin\\Desktop\\react-projects\\food-order-app\\src\\utils\\useOnlineStatus.js","statementMap":{"0":{"start":{"line":3,"column":24},"end":{"line":17,"column":1}},"1":{"start":{"line":4,"column":42},"end":{"line":4,"column":56}},"2":{"start":{"line":6,"column":2},"end":{"line":14,"column":9}},"3":{"start":{"line":7,"column":4},"end":{"line":9,"column":7}},"4":{"start":{"line":8,"column":6},"end":{"line":8,"column":28}},"5":{"start":{"line":11,"column":4},"end":{"line":13,"column":7}},"6":{"start":{"line":12,"column":6},"end":{"line":12,"column":29}},"7":{"start":{"line":16,"column":2},"end":{"line":16,"column":22}}},"fnMap":{"0":{"name":"(anonymous_0)","decl":{"start":{"line":3,"column":24},"end":{"line":3,"column":25}},"loc":{"start":{"line":3,"column":30},"end":{"line":17,"column":1}},"line":3},"1":{"name":"(anonymous_1)","decl":{"start":{"line":6,"column":12},"end":{"line":6,"column":13}},"loc":{"start":{"line":6,"column":18},"end":{"line":14,"column":3}},"line":6},"2":{"name":"(anonymous_2)","decl":{"start":{"line":7,"column":38},"end":{"line":7,"column":39}},"loc":{"start":{"line":7,"column":44},"end":{"line":9,"column":5}},"line":7},"3":{"name":"(anonymous_3)","decl":{"start":{"line":11,"column":39},"end":{"line":11,"column":40}},"loc":{"start":{"line":11,"column":45},"end":{"line":13,"column":5}},"line":11}},"branchMap":{},"s":{"0":3,"1":14,"2":14,"3":7,"4":0,"5":7,"6":0,"7":14},"f":{"0":14,"1":7,"2":0,"3":0},"b":{},"_coverageSchema":"1a1c01bbd47fc00a2c39e90264f33305004495a9","hash":"6680a3fcb23faab983bcf0de7b4f8faf585ef1dd"}
,"C:\\Users\\Admin\\Desktop\\react-projects\\food-order-app\\src\\utils\\useRestaurantMenu.js": {"path":"C:\\Users\\Admin\\Desktop\\react-projects\\food-order-app\\src\\utils\\useRestaurantMenu.js","statementMap":{"0":{"start":{"line":4,"column":26},"end":{"line":20,"column":1}},"1":{"start":{"line":6,"column":41},"end":{"line":6,"column":55}},"2":{"start":{"line":8,"column":4},"end":{"line":10,"column":9}},"3":{"start":{"line":9,"column":8},"end":{"line":9,"column":19}},"4":{"start":{"line":12,"column":22},"end":{"line":17,"column":5}},"5":{"start":{"line":13,"column":21},"end":{"line":13,"column":48}},"6":{"start":{"line":14,"column":21},"end":{"line":14,"column":38}},"7":{"start":{"line":15,"column":8},"end":{"line":15,"column":25}},"8":{"start":{"line":16,"column":8},"end":{"line":16,"column":34}},"9":{"start":{"line":19,"column":4},"end":{"line":19,"column":23}}},"fnMap":{"0":{"name":"(anonymous_0)","decl":{"start":{"line":4,"column":26},"end":{"line":4,"column":27}},"loc":{"start":{"line":4,"column":37},"end":{"line":20,"column":1}},"line":4},"1":{"name":"(anonymous_1)","decl":{"start":{"line":8,"column":14},"end":{"line":8,"column":15}},"loc":{"start":{"line":8,"column":18},"end":{"line":10,"column":5}},"line":8},"2":{"name":"(anonymous_2)","decl":{"start":{"line":12,"column":22},"end":{"line":12,"column":23}},"loc":{"start":{"line":12,"column":34},"end":{"line":17,"column":5}},"line":12}},"branchMap":{},"s":{"0":1,"1":3,"2":3,"3":1,"4":3,"5":1,"6":1,"7":1,"8":1,"9":3},"f":{"0":3,"1":1,"2":1},"b":{},"_coverageSchema":"1a1c01bbd47fc00a2c39e90264f33305004495a9","hash":"fe974ec877efe0ee1633d035501ee544e3e513d5"}
}
