{"C:\\Users\\Admin\\Desktop\\react-projects\\food-order-app\\src\\componets\\About.js": {"path":"C:\\Users\\Admin\\Desktop\\react-projects\\food-order-app\\src\\componets\\About.js","statementMap":{"0":{"start":{"line":1,"column":14},"end":{"line":10,"column":1}},"1":{"start":{"line":2,"column":4},"end":{"line":9,"column":5}}},"fnMap":{"0":{"name":"(anonymous_0)","decl":{"start":{"line":1,"column":14},"end":{"line":1,"column":15}},"loc":{"start":{"line":1,"column":18},"end":{"line":10,"column":1}},"line":1}},"branchMap":{},"s":{"0":1,"1":2},"f":{"0":2},"b":{},"_coverageSchema":"1a1c01bbd47fc00a2c39e90264f33305004495a9","hash":"3653db030b3f062d983f3b8966cd851cdab3b5f4"}
,"C:\\Users\\Admin\\Desktop\\react-projects\\food-order-app\\src\\componets\\sum.js": {"path":"C:\\Users\\Admin\\Desktop\\react-projects\\food-order-app\\src\\componets\\sum.js","statementMap":{"0":{"start":{"line":1,"column":19},"end":{"line":3,"column":1}},"1":{"start":{"line":2,"column":4},"end":{"line":2,"column":14}}},"fnMap":{"0":{"name":"(anonymous_0)","decl":{"start":{"line":1,"column":19},"end":{"line":1,"column":20}},"loc":{"start":{"line":1,"column":28},"end":{"line":3,"column":1}},"line":1}},"branchMap":{},"s":{"0":1,"1":1},"f":{"0":1},"b":{},"_coverageSchema":"1a1c01bbd47fc00a2c39e90264f33305004495a9","hash":"b1c8ca543e2543021f635a180ea6abc33f6ecef5"}
}
