TN:
SF:src\componets\Body.js
FN:8,(anonymous_0)
FN:17,(anonymous_1)
FN:21,(anonymous_2)
FN:57,(anonymous_3)
FN:61,(anonymous_4)
FN:62,(anonymous_5)
FN:74,(anonymous_6)
FN:77,(anonymous_7)
FN:92,(anonymous_8)
FN:98,(anonymous_9)
FNF:10
FNH:9
FNDA:7,(anonymous_0)
FNDA:2,(anonymous_1)
FNDA:2,(anonymous_2)
FNDA:1,(anonymous_3)
FNDA:1,(anonymous_4)
FNDA:8,(anonymous_5)
FNDA:1,(anonymous_6)
FNDA:8,(anonymous_7)
FNDA:0,(anonymous_8)
FNDA:30,(anonymous_9)
DA:8,1
DA:9,7
DA:10,7
DA:11,7
DA:13,7
DA:15,7
DA:17,7
DA:18,2
DA:21,7
DA:22,2
DA:25,2
DA:26,2
DA:29,2
DA:34,7
DA:35,7
DA:36,0
DA:43,7
DA:44,2
DA:47,5
DA:57,1
DA:62,1
DA:63,8
DA:65,1
DA:76,1
DA:77,8
DA:79,1
DA:92,0
DA:99,30
LF:28
LH:26
BRDA:35,0,0,0
BRDA:35,0,1,7
BRDA:43,1,0,2
BRDA:43,1,1,5
BRDA:101,2,0,30
BRDA:101,2,1,0
BRF:6
BRH:4
end_of_record
TN:
SF:src\componets\Cart.js
FN:6,(anonymous_0)
FN:7,(anonymous_1)
FN:11,(anonymous_2)
FN:21,(anonymous_3)
FN:28,(anonymous_4)
FN:48,(anonymous_5)
FN:51,(anonymous_6)
FNF:7
FNH:0
FNDA:0,(anonymous_0)
FNDA:0,(anonymous_1)
FNDA:0,(anonymous_2)
FNDA:0,(anonymous_3)
FNDA:0,(anonymous_4)
FNDA:0,(anonymous_5)
FNDA:0,(anonymous_6)
DA:6,1
DA:7,0
DA:9,0
DA:11,0
DA:12,0
DA:13,0
DA:14,0
DA:21,0
DA:28,0
DA:44,0
DA:48,0
DA:52,0
LF:12
LH:1
BRDA:21,0,0,0
BRDA:21,0,1,0
BRDA:28,1,0,0
BRDA:28,1,1,0
BRDA:33,2,0,0
BRDA:33,2,1,0
BRDA:51,3,0,0
BRDA:51,3,1,0
BRF:8
BRH:0
end_of_record
TN:
SF:src\componets\Contact.js
FN:1,(anonymous_0)
FNF:1
FNH:1
FNDA:4,(anonymous_0)
DA:1,1
DA:2,4
LF:2
LH:2
BRF:0
BRH:0
end_of_record
TN:
SF:src\componets\Header.js
FN:9,(anonymous_0)
FN:14,(anonymous_1)
FN:27,(anonymous_2)
FNF:3
FNH:3
FNDA:7,(anonymous_0)
FNDA:13,(anonymous_1)
FNDA:1,(anonymous_2)
DA:9,2
DA:10,7
DA:11,7
DA:12,7
DA:14,13
DA:16,7
DA:27,1
LF:7
LH:7
BRDA:21,0,0,7
BRDA:21,0,1,0
BRDA:27,1,0,1
BRDA:27,1,1,0
BRF:4
BRH:2
end_of_record
TN:
SF:src\componets\MenuItem.js
FN:5,(anonymous_0)
FN:11,(anonymous_1)
FN:24,(anonymous_2)
FNF:3
FNH:3
FNDA:15,(anonymous_0)
FNDA:1,(anonymous_1)
FNDA:1,(anonymous_2)
DA:5,1
DA:7,15
DA:9,15
DA:11,15
DA:12,1
DA:15,15
DA:24,1
LF:7
LH:7
BRDA:19,0,0,15
BRDA:19,0,1,6
BRF:2
BRH:2
end_of_record
TN:
SF:src\componets\RestaurantCard.js
FN:3,(anonymous_0)
FN:23,(anonymous_1)
FN:24,(anonymous_2)
FNF:3
FNH:3
FNDA:32,(anonymous_0)
FNDA:7,(anonymous_1)
FNDA:30,(anonymous_2)
DA:3,2
DA:4,32
DA:6,32
DA:7,32
DA:23,2
DA:24,7
DA:25,30
LF:7
LH:7
BRF:0
BRH:0
end_of_record
TN:
SF:src\componets\RestaurantMenu.js
FN:7,(anonymous_0)
FN:14,(anonymous_1)
FN:23,(anonymous_2)
FN:28,(anonymous_3)
FNF:4
FNH:4
FNDA:3,(anonymous_0)
FNDA:36,(anonymous_1)
FNDA:8,(anonymous_2)
FNDA:1,(anonymous_3)
DA:7,1
DA:8,3
DA:9,3
DA:11,3
DA:13,3
DA:15,36
DA:19,3
DA:21,2
DA:24,8
DA:28,1
LF:10
LH:10
BRDA:19,0,0,1
BRDA:19,0,1,2
BRDA:27,1,0,8
BRDA:27,1,1,1
BRF:4
BRH:4
end_of_record
TN:
SF:src\componets\RestaurantMenuCategory.js
FN:4,(anonymous_0)
FN:6,(anonymous_1)
FN:20,(anonymous_2)
FNF:3
FNH:3
FNDA:8,(anonymous_0)
FNDA:1,(anonymous_1)
FNDA:15,(anonymous_2)
DA:4,1
DA:5,8
DA:6,8
DA:7,1
DA:9,8
DA:20,15
LF:6
LH:6
BRDA:17,0,0,7
BRDA:17,0,1,1
BRDA:19,1,0,1
BRDA:19,1,1,7
BRF:4
BRH:4
end_of_record
TN:
SF:src\componets\Shimmer.js
FN:1,(anonymous_0)
FNF:1
FNH:1
FNDA:3,(anonymous_0)
DA:1,2
DA:2,3
LF:2
LH:2
BRF:0
BRH:0
end_of_record
TN:
SF:src\componets\sum.js
FN:1,(anonymous_0)
FNF:1
FNH:1
FNDA:1,(anonymous_0)
DA:1,1
DA:2,1
LF:2
LH:2
BRF:0
BRH:0
end_of_record
TN:
SF:src\redux\appStore.js
FNF:0
FNH:0
DA:4,2
LF:1
LH:1
BRF:0
BRH:0
end_of_record
TN:
SF:src\redux\cartSlice.js
FN:9,(anonymous_0)
FN:12,(anonymous_1)
FN:15,(anonymous_2)
FNF:3
FNH:1
FNDA:1,(anonymous_0)
FNDA:0,(anonymous_1)
FNDA:0,(anonymous_2)
DA:3,2
DA:10,1
DA:13,0
DA:16,0
DA:21,2
LF:5
LH:3
BRF:0
BRH:0
end_of_record
TN:
SF:src\utils\UserContext.js
FNF:0
FNH:0
DA:3,3
LF:1
LH:1
BRF:0
BRH:0
end_of_record
TN:
SF:src\utils\common.js
FNF:0
FNH:0
DA:1,4
DA:3,4
DA:5,4
LF:3
LH:3
BRF:0
BRH:0
end_of_record
TN:
SF:src\utils\useOnlineStatus.js
FN:3,(anonymous_0)
FN:6,(anonymous_1)
FN:7,(anonymous_2)
FN:11,(anonymous_3)
FNF:4
FNH:2
FNDA:14,(anonymous_0)
FNDA:7,(anonymous_1)
FNDA:0,(anonymous_2)
FNDA:0,(anonymous_3)
DA:3,3
DA:4,14
DA:6,14
DA:7,7
DA:8,0
DA:11,7
DA:12,0
DA:16,14
LF:8
LH:6
BRF:0
BRH:0
end_of_record
TN:
SF:src\utils\useRestaurantMenu.js
FN:4,(anonymous_0)
FN:8,(anonymous_1)
FN:12,(anonymous_2)
FNF:3
FNH:3
FNDA:3,(anonymous_0)
FNDA:1,(anonymous_1)
FNDA:1,(anonymous_2)
DA:4,1
DA:6,3
DA:8,3
DA:9,1
DA:12,3
DA:13,1
DA:14,1
DA:15,1
DA:16,1
DA:19,3
LF:10
LH:10
BRF:0
BRH:0
end_of_record
